<?xml version="1.0" encoding="UTF-8"?>
<testExecutions version="1">
  <file path="H:\All-New-Start\React-Js\sab-kuch\src\__test__\Call-API.test.tsx">
    <testCase name="Check Parent div" duration="355"/>
    <testCase name="Check Parent div" duration="117"/>
  </file>
</testExecutions>